<?xml version="1.0" encoding="UTF-8"?>
<testsuite xmlns:xsi="http://www.w3.org/2001/XMLSchema-instance" xsi:noNamespaceSchemaLocation="https://maven.apache.org/surefire/maven-surefire-plugin/xsd/surefire-test-report.xsd" name="com.liuliu.commontest.CommonTestApplicationTests" time="4.646" tests="1" errors="0" skipped="0" failures="0">
  <properties>
    <property name="sun.desktop" value="windows"/>
    <property name="awt.toolkit" value="sun.awt.windows.WToolkit"/>
    <property name="file.encoding.pkg" value="sun.io"/>
    <property name="java.specification.version" value="1.8"/>
    <property name="sun.cpu.isalist" value="amd64"/>
    <property name="sun.jnu.encoding" value="GBK"/>
    <property name="java.class.path" value="D:\Users\workspace\tool_project\common-test\target\test-classes;D:\Users\workspace\tool_project\common-test\target\classes;D:\Users\workspace\tool_project\common2\target\common2-0.0.1-SNAPSHOT.jar;D:\java\repository\org\springframework\boot\spring-boot-starter\2.6.8\spring-boot-starter-2.6.8.jar;D:\java\repository\org\springframework\boot\spring-boot\2.6.8\spring-boot-2.6.8.jar;D:\java\repository\org\springframework\spring-context\5.3.20\spring-context-5.3.20.jar;D:\java\repository\org\springframework\boot\spring-boot-autoconfigure\2.6.8\spring-boot-autoconfigure-2.6.8.jar;D:\java\repository\org\springframework\boot\spring-boot-starter-logging\2.6.8\spring-boot-starter-logging-2.6.8.jar;D:\java\repository\ch\qos\logback\logback-classic\1.2.11\logback-classic-1.2.11.jar;D:\java\repository\ch\qos\logback\logback-core\1.2.11\logback-core-1.2.11.jar;D:\java\repository\org\apache\logging\log4j\log4j-to-slf4j\2.17.2\log4j-to-slf4j-2.17.2.jar;D:\java\repository\org\apache\logging\log4j\log4j-api\2.17.2\log4j-api-2.17.2.jar;D:\java\repository\org\slf4j\jul-to-slf4j\1.7.36\jul-to-slf4j-1.7.36.jar;D:\java\repository\jakarta\annotation\jakarta.annotation-api\1.3.5\jakarta.annotation-api-1.3.5.jar;D:\java\repository\org\springframework\spring-core\5.3.20\spring-core-5.3.20.jar;D:\java\repository\org\springframework\spring-jcl\5.3.20\spring-jcl-5.3.20.jar;D:\java\repository\org\yaml\snakeyaml\1.29\snakeyaml-1.29.jar;D:\java\repository\org\projectlombok\lombok\1.18.24\lombok-1.18.24.jar;D:\java\repository\org\springframework\boot\spring-boot-starter-test\2.6.8\spring-boot-starter-test-2.6.8.jar;D:\java\repository\org\springframework\boot\spring-boot-test\2.6.8\spring-boot-test-2.6.8.jar;D:\java\repository\org\springframework\boot\spring-boot-test-autoconfigure\2.6.8\spring-boot-test-autoconfigure-2.6.8.jar;D:\java\repository\com\jayway\jsonpath\json-path\2.6.0\json-path-2.6.0.jar;D:\java\repository\net\minidev\json-smart\2.4.8\json-smart-2.4.8.jar;D:\java\repository\net\minidev\accessors-smart\2.4.8\accessors-smart-2.4.8.jar;D:\java\repository\org\ow2\asm\asm\9.1\asm-9.1.jar;D:\java\repository\org\slf4j\slf4j-api\1.7.36\slf4j-api-1.7.36.jar;D:\java\repository\jakarta\xml\bind\jakarta.xml.bind-api\2.3.3\jakarta.xml.bind-api-2.3.3.jar;D:\java\repository\jakarta\activation\jakarta.activation-api\1.2.2\jakarta.activation-api-1.2.2.jar;D:\java\repository\org\assertj\assertj-core\3.21.0\assertj-core-3.21.0.jar;D:\java\repository\org\hamcrest\hamcrest\2.2\hamcrest-2.2.jar;D:\java\repository\org\junit\jupiter\junit-jupiter\5.8.2\junit-jupiter-5.8.2.jar;D:\java\repository\org\junit\jupiter\junit-jupiter-api\5.8.2\junit-jupiter-api-5.8.2.jar;D:\java\repository\org\opentest4j\opentest4j\1.2.0\opentest4j-1.2.0.jar;D:\java\repository\org\junit\platform\junit-platform-commons\1.8.2\junit-platform-commons-1.8.2.jar;D:\java\repository\org\apiguardian\apiguardian-api\1.1.2\apiguardian-api-1.1.2.jar;D:\java\repository\org\junit\jupiter\junit-jupiter-params\5.8.2\junit-jupiter-params-5.8.2.jar;D:\java\repository\org\junit\jupiter\junit-jupiter-engine\5.8.2\junit-jupiter-engine-5.8.2.jar;D:\java\repository\org\junit\platform\junit-platform-engine\1.8.2\junit-platform-engine-1.8.2.jar;D:\java\repository\org\mockito\mockito-core\4.0.0\mockito-core-4.0.0.jar;D:\java\repository\net\bytebuddy\byte-buddy\1.11.22\byte-buddy-1.11.22.jar;D:\java\repository\net\bytebuddy\byte-buddy-agent\1.11.22\byte-buddy-agent-1.11.22.jar;D:\java\repository\org\objenesis\objenesis\3.2\objenesis-3.2.jar;D:\java\repository\org\mockito\mockito-junit-jupiter\4.0.0\mockito-junit-jupiter-4.0.0.jar;D:\java\repository\org\skyscreamer\jsonassert\1.5.0\jsonassert-1.5.0.jar;D:\java\repository\com\vaadin\external\google\android-json\0.0.20131108.vaadin1\android-json-0.0.20131108.vaadin1.jar;D:\java\repository\org\springframework\spring-test\5.3.20\spring-test-5.3.20.jar;D:\java\repository\org\xmlunit\xmlunit-core\2.8.4\xmlunit-core-2.8.4.jar;D:\java\repository\org\springframework\boot\spring-boot-starter-web\2.6.8\spring-boot-starter-web-2.6.8.jar;D:\java\repository\org\springframework\boot\spring-boot-starter-json\2.6.8\spring-boot-starter-json-2.6.8.jar;D:\java\repository\com\fasterxml\jackson\core\jackson-databind\2.13.3\jackson-databind-2.13.3.jar;D:\java\repository\com\fasterxml\jackson\core\jackson-annotations\2.13.3\jackson-annotations-2.13.3.jar;D:\java\repository\com\fasterxml\jackson\core\jackson-core\2.13.3\jackson-core-2.13.3.jar;D:\java\repository\com\fasterxml\jackson\datatype\jackson-datatype-jdk8\2.13.3\jackson-datatype-jdk8-2.13.3.jar;D:\java\repository\com\fasterxml\jackson\datatype\jackson-datatype-jsr310\2.13.3\jackson-datatype-jsr310-2.13.3.jar;D:\java\repository\com\fasterxml\jackson\module\jackson-module-parameter-names\2.13.3\jackson-module-parameter-names-2.13.3.jar;D:\java\repository\org\springframework\boot\spring-boot-starter-tomcat\2.6.8\spring-boot-starter-tomcat-2.6.8.jar;D:\java\repository\org\apache\tomcat\embed\tomcat-embed-core\9.0.63\tomcat-embed-core-9.0.63.jar;D:\java\repository\org\apache\tomcat\embed\tomcat-embed-el\9.0.63\tomcat-embed-el-9.0.63.jar;D:\java\repository\org\apache\tomcat\embed\tomcat-embed-websocket\9.0.63\tomcat-embed-websocket-9.0.63.jar;D:\java\repository\org\springframework\spring-web\5.3.20\spring-web-5.3.20.jar;D:\java\repository\org\springframework\spring-beans\5.3.20\spring-beans-5.3.20.jar;D:\java\repository\org\springframework\spring-webmvc\5.3.20\spring-webmvc-5.3.20.jar;D:\java\repository\org\springframework\spring-aop\5.3.20\spring-aop-5.3.20.jar;D:\java\repository\org\springframework\spring-expression\5.3.20\spring-expression-5.3.20.jar;"/>
    <property name="java.vm.vendor" value="Oracle Corporation"/>
    <property name="sun.arch.data.model" value="64"/>
    <property name="user.variant" value=""/>
    <property name="java.vendor.url" value="http://java.oracle.com/"/>
    <property name="user.timezone" value="Asia/Shanghai"/>
    <property name="java.vm.specification.version" value="1.8"/>
    <property name="os.name" value="Windows 10"/>
    <property name="user.country" value="CN"/>
    <property name="sun.java.launcher" value="SUN_STANDARD"/>
    <property name="sun.boot.library.path" value="D:\Program Files\Java\jdk1.8.0_201\jre\bin"/>
    <property name="sun.java.command" value="C:\Users\lenovo\AppData\Local\Temp\surefire617772570242721805\surefirebooter293971257577370824.jar C:\Users\lenovo\AppData\Local\Temp\surefire617772570242721805 2022-06-08T22-52-25_158-jvmRun1 surefire7150713415457576326tmp surefire_05892581082150743527tmp"/>
    <property name="surefire.test.class.path" value="D:\Users\workspace\tool_project\common-test\target\test-classes;D:\Users\workspace\tool_project\common-test\target\classes;D:\Users\workspace\tool_project\common2\target\common2-0.0.1-SNAPSHOT.jar;D:\java\repository\org\springframework\boot\spring-boot-starter\2.6.8\spring-boot-starter-2.6.8.jar;D:\java\repository\org\springframework\boot\spring-boot\2.6.8\spring-boot-2.6.8.jar;D:\java\repository\org\springframework\spring-context\5.3.20\spring-context-5.3.20.jar;D:\java\repository\org\springframework\boot\spring-boot-autoconfigure\2.6.8\spring-boot-autoconfigure-2.6.8.jar;D:\java\repository\org\springframework\boot\spring-boot-starter-logging\2.6.8\spring-boot-starter-logging-2.6.8.jar;D:\java\repository\ch\qos\logback\logback-classic\1.2.11\logback-classic-1.2.11.jar;D:\java\repository\ch\qos\logback\logback-core\1.2.11\logback-core-1.2.11.jar;D:\java\repository\org\apache\logging\log4j\log4j-to-slf4j\2.17.2\log4j-to-slf4j-2.17.2.jar;D:\java\repository\org\apache\logging\log4j\log4j-api\2.17.2\log4j-api-2.17.2.jar;D:\java\repository\org\slf4j\jul-to-slf4j\1.7.36\jul-to-slf4j-1.7.36.jar;D:\java\repository\jakarta\annotation\jakarta.annotation-api\1.3.5\jakarta.annotation-api-1.3.5.jar;D:\java\repository\org\springframework\spring-core\5.3.20\spring-core-5.3.20.jar;D:\java\repository\org\springframework\spring-jcl\5.3.20\spring-jcl-5.3.20.jar;D:\java\repository\org\yaml\snakeyaml\1.29\snakeyaml-1.29.jar;D:\java\repository\org\projectlombok\lombok\1.18.24\lombok-1.18.24.jar;D:\java\repository\org\springframework\boot\spring-boot-starter-test\2.6.8\spring-boot-starter-test-2.6.8.jar;D:\java\repository\org\springframework\boot\spring-boot-test\2.6.8\spring-boot-test-2.6.8.jar;D:\java\repository\org\springframework\boot\spring-boot-test-autoconfigure\2.6.8\spring-boot-test-autoconfigure-2.6.8.jar;D:\java\repository\com\jayway\jsonpath\json-path\2.6.0\json-path-2.6.0.jar;D:\java\repository\net\minidev\json-smart\2.4.8\json-smart-2.4.8.jar;D:\java\repository\net\minidev\accessors-smart\2.4.8\accessors-smart-2.4.8.jar;D:\java\repository\org\ow2\asm\asm\9.1\asm-9.1.jar;D:\java\repository\org\slf4j\slf4j-api\1.7.36\slf4j-api-1.7.36.jar;D:\java\repository\jakarta\xml\bind\jakarta.xml.bind-api\2.3.3\jakarta.xml.bind-api-2.3.3.jar;D:\java\repository\jakarta\activation\jakarta.activation-api\1.2.2\jakarta.activation-api-1.2.2.jar;D:\java\repository\org\assertj\assertj-core\3.21.0\assertj-core-3.21.0.jar;D:\java\repository\org\hamcrest\hamcrest\2.2\hamcrest-2.2.jar;D:\java\repository\org\junit\jupiter\junit-jupiter\5.8.2\junit-jupiter-5.8.2.jar;D:\java\repository\org\junit\jupiter\junit-jupiter-api\5.8.2\junit-jupiter-api-5.8.2.jar;D:\java\repository\org\opentest4j\opentest4j\1.2.0\opentest4j-1.2.0.jar;D:\java\repository\org\junit\platform\junit-platform-commons\1.8.2\junit-platform-commons-1.8.2.jar;D:\java\repository\org\apiguardian\apiguardian-api\1.1.2\apiguardian-api-1.1.2.jar;D:\java\repository\org\junit\jupiter\junit-jupiter-params\5.8.2\junit-jupiter-params-5.8.2.jar;D:\java\repository\org\junit\jupiter\junit-jupiter-engine\5.8.2\junit-jupiter-engine-5.8.2.jar;D:\java\repository\org\junit\platform\junit-platform-engine\1.8.2\junit-platform-engine-1.8.2.jar;D:\java\repository\org\mockito\mockito-core\4.0.0\mockito-core-4.0.0.jar;D:\java\repository\net\bytebuddy\byte-buddy\1.11.22\byte-buddy-1.11.22.jar;D:\java\repository\net\bytebuddy\byte-buddy-agent\1.11.22\byte-buddy-agent-1.11.22.jar;D:\java\repository\org\objenesis\objenesis\3.2\objenesis-3.2.jar;D:\java\repository\org\mockito\mockito-junit-jupiter\4.0.0\mockito-junit-jupiter-4.0.0.jar;D:\java\repository\org\skyscreamer\jsonassert\1.5.0\jsonassert-1.5.0.jar;D:\java\repository\com\vaadin\external\google\android-json\0.0.20131108.vaadin1\android-json-0.0.20131108.vaadin1.jar;D:\java\repository\org\springframework\spring-test\5.3.20\spring-test-5.3.20.jar;D:\java\repository\org\xmlunit\xmlunit-core\2.8.4\xmlunit-core-2.8.4.jar;D:\java\repository\org\springframework\boot\spring-boot-starter-web\2.6.8\spring-boot-starter-web-2.6.8.jar;D:\java\repository\org\springframework\boot\spring-boot-starter-json\2.6.8\spring-boot-starter-json-2.6.8.jar;D:\java\repository\com\fasterxml\jackson\core\jackson-databind\2.13.3\jackson-databind-2.13.3.jar;D:\java\repository\com\fasterxml\jackson\core\jackson-annotations\2.13.3\jackson-annotations-2.13.3.jar;D:\java\repository\com\fasterxml\jackson\core\jackson-core\2.13.3\jackson-core-2.13.3.jar;D:\java\repository\com\fasterxml\jackson\datatype\jackson-datatype-jdk8\2.13.3\jackson-datatype-jdk8-2.13.3.jar;D:\java\repository\com\fasterxml\jackson\datatype\jackson-datatype-jsr310\2.13.3\jackson-datatype-jsr310-2.13.3.jar;D:\java\repository\com\fasterxml\jackson\module\jackson-module-parameter-names\2.13.3\jackson-module-parameter-names-2.13.3.jar;D:\java\repository\org\springframework\boot\spring-boot-starter-tomcat\2.6.8\spring-boot-starter-tomcat-2.6.8.jar;D:\java\repository\org\apache\tomcat\embed\tomcat-embed-core\9.0.63\tomcat-embed-core-9.0.63.jar;D:\java\repository\org\apache\tomcat\embed\tomcat-embed-el\9.0.63\tomcat-embed-el-9.0.63.jar;D:\java\repository\org\apache\tomcat\embed\tomcat-embed-websocket\9.0.63\tomcat-embed-websocket-9.0.63.jar;D:\java\repository\org\springframework\spring-web\5.3.20\spring-web-5.3.20.jar;D:\java\repository\org\springframework\spring-beans\5.3.20\spring-beans-5.3.20.jar;D:\java\repository\org\springframework\spring-webmvc\5.3.20\spring-webmvc-5.3.20.jar;D:\java\repository\org\springframework\spring-aop\5.3.20\spring-aop-5.3.20.jar;D:\java\repository\org\springframework\spring-expression\5.3.20\spring-expression-5.3.20.jar;"/>
    <property name="sun.cpu.endian" value="little"/>
    <property name="user.home" value="C:\Users\lenovo"/>
    <property name="user.language" value="zh"/>
    <property name="java.specification.vendor" value="Oracle Corporation"/>
    <property name="java.home" value="D:\Program Files\Java\jdk1.8.0_201\jre"/>
    <property name="basedir" value="D:\Users\workspace\tool_project\common-test"/>
    <property name="file.separator" value="\"/>
    <property name="line.separator" value="&#10;"/>
    <property name="java.vm.specification.vendor" value="Oracle Corporation"/>
    <property name="java.specification.name" value="Java Platform API Specification"/>
    <property name="java.awt.graphicsenv" value="sun.awt.Win32GraphicsEnvironment"/>
    <property name="surefire.real.class.path" value="C:\Users\lenovo\AppData\Local\Temp\surefire617772570242721805\surefirebooter293971257577370824.jar"/>
    <property name="sun.boot.class.path" value="D:\Program Files\Java\jdk1.8.0_201\jre\lib\resources.jar;D:\Program Files\Java\jdk1.8.0_201\jre\lib\rt.jar;D:\Program Files\Java\jdk1.8.0_201\jre\lib\sunrsasign.jar;D:\Program Files\Java\jdk1.8.0_201\jre\lib\jsse.jar;D:\Program Files\Java\jdk1.8.0_201\jre\lib\jce.jar;D:\Program Files\Java\jdk1.8.0_201\jre\lib\charsets.jar;D:\Program Files\Java\jdk1.8.0_201\jre\lib\jfr.jar;D:\Program Files\Java\jdk1.8.0_201\jre\classes"/>
    <property name="user.script" value=""/>
    <property name="sun.management.compiler" value="HotSpot 64-Bit Tiered Compilers"/>
    <property name="java.runtime.version" value="1.8.0_201-b09"/>
    <property name="user.name" value="lenovo"/>
    <property name="path.separator" value=";"/>
    <property name="os.version" value="10.0"/>
    <property name="java.endorsed.dirs" value="D:\Program Files\Java\jdk1.8.0_201\jre\lib\endorsed"/>
    <property name="java.runtime.name" value="Java(TM) SE Runtime Environment"/>
    <property name="file.encoding" value="GBK"/>
    <property name="java.vm.name" value="Java HotSpot(TM) 64-Bit Server VM"/>
    <property name="localRepository" value="D:\java\repository"/>
    <property name="java.vendor.url.bug" value="http://bugreport.sun.com/bugreport/"/>
    <property name="java.io.tmpdir" value="C:\Users\lenovo\AppData\Local\Temp\"/>
    <property name="java.version" value="1.8.0_201"/>
    <property name="user.dir" value="D:\Users\workspace\tool_project\common-test"/>
    <property name="os.arch" value="amd64"/>
    <property name="java.vm.specification.name" value="Java Virtual Machine Specification"/>
    <property name="java.awt.printerjob" value="sun.awt.windows.WPrinterJob"/>
    <property name="idea.version2019.3.1" value="true"/>
    <property name="sun.os.patch.level" value=""/>
    <property name="java.library.path" value="D:\Program Files\Java\jdk1.8.0_201\jre\bin;C:\WINDOWS\Sun\Java\bin;C:\WINDOWS\system32;C:\WINDOWS;D:\Xshell\;C:\Program Files (x86)\Common Files\Oracle\Java\javapath;C:\Windows\system32;C:\Windows;C:\Windows\System32\Wbem;C:\Windows\System32\WindowsPowerShell\v1.0\;C:\Program Files (x86)\NVIDIA Corporation\PhysX\Common;C:\WINDOWS\system32;C:\WINDOWS;C:\WINDOWS\System32\Wbem;C:\WINDOWS\System32\WindowsPowerShell\v1.0\;C:\WINDOWS\System32\OpenSSH\;C:\Program Files\Microsoft\Web Platform Installer\;C:\Program Files (x86)\Microsoft ASP.NET\ASP.NET Web Pages\v1.0\;C:\Program Files (x86)\Windows Kits\8.0\Windows Performance Toolkit\;C:\Program Files\Microsoft SQL Server\110\Tools\Binn\;C:\Program Files (x86)\Microsoft SQL Server\90\Tools\binn\;C:\Program Files\Java\jdk1.8.0_45\bin\;C:\Program Files\Java\jdk1.8.0_45\jre\bin\;D:\Mysql\bin;D:\java\git\Git\cmd;D:\TOOL\nodejs\;D:\TOOL\nodejs\profile\npm_modules;D:\java\apache-maven-3.5.3\bin;D:\2;C:\Users\lenovo\AppData\Local\GitHubDesktop\bin;C:\Users\lenovo\AppData\Local\Microsoft\WindowsApps;C:\Users\lenovo\AppData\Roaming\npm;;D:\Users\lenovo\AppData\Local\Programs\Microsoft VS Code\bin;."/>
    <property name="java.vm.info" value="mixed mode"/>
    <property name="java.vendor" value="Oracle Corporation"/>
    <property name="java.vm.version" value="25.201-b09"/>
    <property name="java.ext.dirs" value="D:\Program Files\Java\jdk1.8.0_201\jre\lib\ext;C:\WINDOWS\Sun\Java\lib\ext"/>
    <property name="sun.io.unicode.encoding" value="UnicodeLittle"/>
    <property name="maven.repo.local" value="D:\java\repository"/>
    <property name="java.class.version" value="52.0"/>
  </properties>
  <testcase name="contextLoads" classname="com.liuliu.commontest.CommonTestApplicationTests" time="0.477"/>
</testsuite>